app/build/intermediates/manifest_merge_blame_file/debug/manifest-merger-blame-debug-report.txt
1<?xml version="1.0" encoding="utf-8"?>
2<manifest xmlns:android="http://schemas.android.com/apk/res/android"
3    package="com.android.smartami"
4    android:versionCode="1"
5    android:versionName="1.0" >
6
7    <uses-sdk
8        android:minSdkVersion="21"
8-->src\main\AndroidManifest.xml
9        android:targetSdkVersion="28" />
9-->src\main\AndroidManifest.xml
10
11    <uses-permission android:name="android.permission.INTERNET" />
11-->src\main\AndroidManifest.xml:26:5-67
11-->src\main\AndroidManifest.xml:26:22-64
12    <uses-permission android:name="android.permission.VIBRATE" />
12-->[co.paystack.android.design.widget:pinpad:1.0.1] AndroidManifest.xml:11:5-66
12-->[co.paystack.android.design.widget:pinpad:1.0.1] AndroidManifest.xml:11:22-63
13
14    <application
14-->src\main\AndroidManifest.xml:5:5-25:19
15        android:allowBackup="true"
15-->src\main\AndroidManifest.xml:6:9-35
16        android:appComponentFactory="android.support.v4.app.CoreComponentFactory"
16-->[com.android.support:support-compat:28.0.0] AndroidManifest.xml:22:18-91
17        android:debuggable="true"
18        android:icon="@mipmap/ic_launcher"
18-->src\main\AndroidManifest.xml:7:9-43
19        android:label="@string/app_name"
19-->src\main\AndroidManifest.xml:8:9-41
20        android:roundIcon="@mipmap/ic_launcher_round"
20-->src\main\AndroidManifest.xml:9:9-54
21        android:supportsRtl="true"
21-->src\main\AndroidManifest.xml:10:9-35
22        android:theme="@style/AppTheme" >
22-->src\main\AndroidManifest.xml:11:9-40
23        <activity android:name="com.android.smartami.PaymentPage" />
23-->src\main\AndroidManifest.xml:12:9-58
23-->src\main\AndroidManifest.xml:12:19-46
24        <activity android:name="com.android.smartami.StartPage" >
24-->src\main\AndroidManifest.xml:13:9-19:20
24-->src\main\AndroidManifest.xml:13:19-44
25            <intent-filter>
25-->src\main\AndroidManifest.xml:14:13-18:29
26                <action android:name="android.intent.action.MAIN" />
26-->src\main\AndroidManifest.xml:15:17-69
26-->src\main\AndroidManifest.xml:15:25-66
27
28                <category android:name="android.intent.category.LAUNCHER" />
28-->src\main\AndroidManifest.xml:17:17-77
28-->src\main\AndroidManifest.xml:17:27-74
29            </intent-filter>
30        </activity>
31        <activity android:name="com.android.smartami.ViewData" />
31-->src\main\AndroidManifest.xml:20:9-46
31-->src\main\AndroidManifest.xml:20:19-43
32
33        <meta-data
33-->src\main\AndroidManifest.xml:22:9-24:79
34            android:name="co.paystack.android.PublicKey"
34-->src\main\AndroidManifest.xml:23:13-57
35            android:value="pk_live_e2b370d2a3e331271e4e3e82583f1747a4214cbe" />
35-->src\main\AndroidManifest.xml:24:13-77
36
37        <activity
37-->[co.paystack.android:paystack:3.0.12] AndroidManifest.xml:12:9-14:63
38            android:name="co.paystack.android.ui.PinActivity"
38-->[co.paystack.android:paystack:3.0.12] AndroidManifest.xml:13:13-62
39            android:theme="@style/Paystack.Dialog.PinEntry" />
39-->[co.paystack.android:paystack:3.0.12] AndroidManifest.xml:14:13-60
40        <activity
40-->[co.paystack.android:paystack:3.0.12] AndroidManifest.xml:15:9-17:63
41            android:name="co.paystack.android.ui.OtpActivity"
41-->[co.paystack.android:paystack:3.0.12] AndroidManifest.xml:16:13-62
42            android:theme="@style/Paystack.Dialog.OtpEntry" />
42-->[co.paystack.android:paystack:3.0.12] AndroidManifest.xml:17:13-60
43        <activity
43-->[co.paystack.android:paystack:3.0.12] AndroidManifest.xml:18:9-20:63
44            android:name="co.paystack.android.ui.AuthActivity"
44-->[co.paystack.android:paystack:3.0.12] AndroidManifest.xml:19:13-63
45            android:theme="@style/Paystack.Dialog.OtpEntry" />
45-->[co.paystack.android:paystack:3.0.12] AndroidManifest.xml:20:13-60
46        <activity
46-->[co.paystack.android:paystack:3.0.12] AndroidManifest.xml:21:9-23:64
47            android:name="co.paystack.android.ui.CardActivity"
47-->[co.paystack.android:paystack:3.0.12] AndroidManifest.xml:22:13-63
48            android:theme="@style/Paystack.Dialog.CardEntry" />
48-->[co.paystack.android:paystack:3.0.12] AndroidManifest.xml:23:13-61
49        <activity
49-->[com.google.android.gms:play-services-base:15.0.1] AndroidManifest.xml:23:9-26:75
50            android:name="com.google.android.gms.common.api.GoogleApiActivity"
50-->[com.google.android.gms:play-services-base:15.0.1] AndroidManifest.xml:24:13-79
51            android:exported="false"
51-->[com.google.android.gms:play-services-base:15.0.1] AndroidManifest.xml:25:13-37
52            android:theme="@android:style/Theme.Translucent.NoTitleBar" />
52-->[com.google.android.gms:play-services-base:15.0.1] AndroidManifest.xml:26:13-72
53
54        <provider
54-->[com.google.firebase:firebase-common:16.0.2] AndroidManifest.xml:10:9-14:39
55            android:name="com.google.firebase.provider.FirebaseInitProvider"
55-->[com.google.firebase:firebase-common:16.0.2] AndroidManifest.xml:11:13-77
56            android:authorities="com.android.smartami.firebaseinitprovider"
56-->[com.google.firebase:firebase-common:16.0.2] AndroidManifest.xml:12:13-72
57            android:exported="false"
57-->[com.google.firebase:firebase-common:16.0.2] AndroidManifest.xml:13:13-37
58            android:initOrder="100" />
58-->[com.google.firebase:firebase-common:16.0.2] AndroidManifest.xml:14:13-36
59
60        <meta-data
60-->[com.google.android.gms:play-services-basement:15.0.1] AndroidManifest.xml:23:9-25:69
61            android:name="com.google.android.gms.version"
61-->[com.google.android.gms:play-services-basement:15.0.1] AndroidManifest.xml:24:13-58
62            android:value="@integer/google_play_services_version" />
62-->[com.google.android.gms:play-services-basement:15.0.1] AndroidManifest.xml:25:13-66
63    </application>
64
65</manifest>